1708346338120:status
1708350306691:create_parking_lot 5
1708350332187:create_parking_lot 6
1708350416847:create_parking_lot 5
1708350425871:create_parking_lot 7
1708350606734:create_parking_lot 6
1708350614783:create_parking_lot 4
1708350775045:create_parking_lot 6
1708350782842:create_parking_lot 5
1708350791427:status
1708352794774:create-parking_lot 3
1708352807114:create_parking_lot 3
1708352823945:park KA-01-HH-3141 Black
1708353002957:create_parking_lot 3
1708353020361:park KA-01-HH-3141 Black
1708353274867:create_parking_lot 3
1708353285074:park 1234 black
1708353292230:park 3456 black
1708353299916:leave 1
1708353357630:create_parking_lot 3
1708353365099:park 1234 black
1708353372271:park 4567 white
1708353384036:park 3408 white
1708353388375:leave 2
1708353784524:create_parking_lot 3
1708353790538:park 1234 black
1708353798075:park 4567 white
1708353807605:park 8765 black
1708353809967:status
1708353848668:create_parking_lot 3
1708353857014:create_parking_lot 4
1708353868100:park 4567 black
1708353874613:park 9876 white
1708353877641:status
1708353928295:create_parking_lot 4
1708353935869:park 4566 black
1708353942375:park 7635 white
1708353944186:status
1708354028348:create_parking_lot 3
1708354034664:park 2234 white
1708354041029:park 7658 black
1708354042911:status
1708354495015:create_parking_lot 3
1708354503665:park 1234 white
1708354510262:park 3456 black
1708354518013:park 7623 white
1708354538787:registration_numbers_for_cars_with_colour white
1708354635355:create_parking_lot 3
1708354643019:park 1234 white
1708354650547:park 3456 white
1708354657927:park 7654 black
1708354677150:registration_numbers_for_cars_with_colour white
1708354738793:create_parking_lot 3
1708354744193:park 1234 white
1708354751152:park 3456 white
1708354759859:park 7654 black
1708354773569:registration_numbers_for_cars_with_colour white
1708354875800:create_parking_lot 4
1708354881131:park 1234 white
1708354888615:park 8765 white
1708354894343:park 9876 white
1708354899858:leave 2
1708354910936:park 9809 black
1708354927686:status
1708354987091:create_parking_lot 4
1708354992604:park 1234 white
1708354999163:park 7676 white
1708355005602:park 9898 white
1708355009782:leave 2
1708355020433:park 9999 white
1708355025406:status
1708355093487:park 9998 white
1708355103323:park 7777 white
1708355107394:status
1708355857532:create_parking_lot 3
1708355864881:park 1234 white
1708355915055:park KA-01-HH-3141 Black
1708356804028:create_parking_lot 4
1708356821539:park KA-01-HH-3141 Black
1708356830352:park KA-01-HH-3142 Black
1708356838385:park KA-01-HH-3133 Black
1708356842594:leave 2
1708356851488:park KA-01-HH-3888 Black
1708356854544:status
1708356897798:park KA-01-HH-5555 Black
1708356904720:park KA-01-HH-6666 Black
1708356909190:park KA-01-HH-3141 Black
1708356942153:create_parking_lot 9
1708356974528:registration_numbers_for_cars_with_colour Black
1708357025804:registration_numbers_for_cars_with_colour black
1708357083157:create_parking_lot 4
1708357095815:park KA-01-HH-3141 Black
1708357101814:park KA-01-HH-3142 Black
1708357106919:park KA-01-HH-3143 Black
1708357109439:status
1708357146908:registration_numbers_for_cars_with_colour Black
